--- Initial Model ---
Weights: [ 1.     0.2    0.3    0.01  -0.001  0.2  ]

--- Final Models ---
Weights: [-3.52103524e+19 -2.07330921e+20 -7.72943756e+21 -3.99247064e+21
 -1.12465776e+23 -5.35355831e+20]
Alpha: 0.01, Iterations: 5, Training MSE: 6.029067764820979e+52, Test MSE: 6.648995079554232e+52

Weights: [2.69050265e+44 1.58426246e+45 5.90623803e+46 3.05073710e+46
 8.59376428e+47 4.09077497e+45]
Alpha: 0.01, Iterations: 10, Training MSE: 3.5202723973783396e+102, Test MSE: 3.8822376463294174e+102

Weights: [1.57093975e+94 9.25024499e+94 3.44855416e+96 1.78127465e+96
 5.01775604e+97 2.38853547e+95]
Alpha: 0.01, Iterations: 20, Training MSE: 1.2001305207775716e+202, Test MSE: 1.3235316368532924e+202

Weights: [3.12707174e+243 1.84132967e+244 6.86460205e+245 3.54575892e+245
 9.98821444e+246 4.75455647e+244]
Alpha: 0.01, Iterations: 50, Training MSE: inf, Test MSE: inf

Weights: [-3.51936351e+14 -2.07232484e+15 -7.72576773e+16 -3.99057507e+16
 -1.12412379e+18 -5.35101652e+15]
Alpha: 0.001, Iterations: 5, Training MSE: 6.023344096497521e+42, Test MSE: 6.642682886027112e+42

Weights: [2.68794844e+34 1.58275844e+35 5.90063097e+36 3.04784089e+36
 8.58560583e+37 4.08689141e+35]
Alpha: 0.001, Iterations: 10, Training MSE: 3.513591660562575e+82, Test MSE: 3.874869975580218e+82

Weights: [1.56795844e+74 9.23268997e+74 3.44200953e+76 1.77789417e+76
 5.00823340e+77 2.38400253e+75]
Alpha: 0.001, Iterations: 20, Training MSE: 1.1955796524117094e+162, Test MSE: 1.3185128341871702e+162

Weights: [3.11225654e+193 1.83260596e+194 6.83207947e+195 3.52896009e+195
 9.94089304e+196 4.73203070e+194]
Alpha: 0.001, Iterations: 50, Training MSE: inf, Test MSE: inf

Weights: [-3.50268104e+09 -2.06250161e+10 -7.68914609e+11 -3.97165897e+11
 -1.11879523e+13 -5.32565166e+10]
Alpha: 0.0001, Iterations: 5, Training MSE: 5.966375796680178e+32, Test MSE: 6.579856930182621e+32

Weights: [2.66252604e+24 1.56778884e+25 5.84482328e+26 3.01901466e+26
 8.50440387e+27 4.04823792e+25]
Alpha: 0.0001, Iterations: 10, Training MSE: 3.4474434294031223e+62, Test MSE: 3.8019201795824486e+62

Weights: [1.53843945e+54 9.05887179e+54 3.37720893e+56 1.74442285e+56
 4.91394646e+57 2.33912038e+55]
Alpha: 0.0001, Iterations: 20, Training MSE: 1.150986518134768e+122, Test MSE: 1.2693344965145817e+122

Weights: [2.96783697e+143 1.74756664e+144 6.51504712e+145 3.36520402e+145
 9.47960089e+146 4.51244795e+144]
Alpha: 0.0001, Iterations: 50, Training MSE: 4.283408571344427e+300, Test MSE: 4.7238418318615775e+300

